<?xml version="1.0" encoding="UTF-8"?>
<testsuite xmlns:xsi="http://www.w3.org/2001/XMLSchema-instance" xsi:noNamespaceSchemaLocation="https://maven.apache.org/surefire/maven-surefire-plugin/xsd/surefire-test-report-3.0.xsd" version="3.0" name="net.berndreiss.petrinetsimulator.AppTest" time="0.007" tests="1" errors="0" skipped="0" failures="0">
  <properties>
    <property name="java.specification.version" value="22"/>
    <property name="sun.jnu.encoding" value="UTF-8"/>
    <property name="java.class.path" value="/home/bernd/repos/PetrinetSimulator/target/test-classes:/home/bernd/repos/PetrinetSimulator/target/classes:/home/bernd/.m2/repository/junit/junit/3.8.1/junit-3.8.1.jar:/home/bernd/.m2/repository/org/graphstream/gs-core/2.0/gs-core-2.0.jar:/home/bernd/.m2/repository/org/graphstream/pherd/1.0/pherd-1.0.jar:/home/bernd/.m2/repository/org/graphstream/mbox2/1.0/mbox2-1.0.jar:/home/bernd/.m2/repository/org/graphstream/gs-algo/2.0/gs-algo-2.0.jar:/home/bernd/.m2/repository/org/apache/commons/commons-math/2.1/commons-math-2.1.jar:/home/bernd/.m2/repository/org/apache/commons/commons-math3/3.4.1/commons-math3-3.4.1.jar:/home/bernd/.m2/repository/org/jfree/jfreechart/1.0.14/jfreechart-1.0.14.jar:/home/bernd/.m2/repository/org/jfree/jcommon/1.0.17/jcommon-1.0.17.jar:/home/bernd/.m2/repository/xml-apis/xml-apis/1.3.04/xml-apis-1.3.04.jar:/home/bernd/.m2/repository/com/lowagie/itext/2.1.5/itext-2.1.5.jar:/home/bernd/.m2/repository/bouncycastle/bcmail-jdk14/138/bcmail-jdk14-138.jar:/home/bernd/.m2/repository/bouncycastle/bcprov-jdk14/138/bcprov-jdk14-138.jar:/home/bernd/.m2/repository/org/graphstream/gs-ui-swing/2.0/gs-ui-swing-2.0.jar:"/>
    <property name="java.vm.vendor" value="Arch Linux"/>
    <property name="sun.arch.data.model" value="64"/>
    <property name="java.vendor.url" value="https://openjdk.org/"/>
    <property name="os.name" value="Linux"/>
    <property name="java.vm.specification.version" value="22"/>
    <property name="sun.java.launcher" value="SUN_STANDARD"/>
    <property name="user.country" value="US"/>
    <property name="sun.boot.library.path" value="/usr/lib/jvm/java-22-openjdk/lib"/>
    <property name="sun.java.command" value="/home/bernd/repos/PetrinetSimulator/target/surefire/surefirebooter-20240826153228948_3.jar /home/bernd/repos/PetrinetSimulator/target/surefire 2024-08-26T15-32-28_920-jvmRun1 surefire-20240826153228948_1tmp surefire_0-20240826153228948_2tmp"/>
    <property name="jdk.debug" value="release"/>
    <property name="surefire.test.class.path" value="/home/bernd/repos/PetrinetSimulator/target/test-classes:/home/bernd/repos/PetrinetSimulator/target/classes:/home/bernd/.m2/repository/junit/junit/3.8.1/junit-3.8.1.jar:/home/bernd/.m2/repository/org/graphstream/gs-core/2.0/gs-core-2.0.jar:/home/bernd/.m2/repository/org/graphstream/pherd/1.0/pherd-1.0.jar:/home/bernd/.m2/repository/org/graphstream/mbox2/1.0/mbox2-1.0.jar:/home/bernd/.m2/repository/org/graphstream/gs-algo/2.0/gs-algo-2.0.jar:/home/bernd/.m2/repository/org/apache/commons/commons-math/2.1/commons-math-2.1.jar:/home/bernd/.m2/repository/org/apache/commons/commons-math3/3.4.1/commons-math3-3.4.1.jar:/home/bernd/.m2/repository/org/jfree/jfreechart/1.0.14/jfreechart-1.0.14.jar:/home/bernd/.m2/repository/org/jfree/jcommon/1.0.17/jcommon-1.0.17.jar:/home/bernd/.m2/repository/xml-apis/xml-apis/1.3.04/xml-apis-1.3.04.jar:/home/bernd/.m2/repository/com/lowagie/itext/2.1.5/itext-2.1.5.jar:/home/bernd/.m2/repository/bouncycastle/bcmail-jdk14/138/bcmail-jdk14-138.jar:/home/bernd/.m2/repository/bouncycastle/bcprov-jdk14/138/bcprov-jdk14-138.jar:/home/bernd/.m2/repository/org/graphstream/gs-ui-swing/2.0/gs-ui-swing-2.0.jar:"/>
    <property name="sun.cpu.endian" value="little"/>
    <property name="user.home" value="/home/bernd"/>
    <property name="user.language" value="en"/>
    <property name="java.specification.vendor" value="Oracle Corporation"/>
    <property name="java.version.date" value="2024-07-16"/>
    <property name="java.home" value="/usr/lib/jvm/java-22-openjdk"/>
    <property name="file.separator" value="/"/>
    <property name="basedir" value="/home/bernd/repos/PetrinetSimulator"/>
    <property name="java.vm.compressedOopsMode" value="Zero based"/>
    <property name="line.separator" value="&#10;"/>
    <property name="java.specification.name" value="Java Platform API Specification"/>
    <property name="java.vm.specification.vendor" value="Oracle Corporation"/>
    <property name="surefire.real.class.path" value="/home/bernd/repos/PetrinetSimulator/target/surefire/surefirebooter-20240826153228948_3.jar"/>
    <property name="sun.management.compiler" value="HotSpot 64-Bit Tiered Compilers"/>
    <property name="java.runtime.version" value="22.0.2+9"/>
    <property name="user.name" value="bernd"/>
    <property name="stdout.encoding" value="UTF-8"/>
    <property name="path.separator" value=":"/>
    <property name="os.version" value="6.10.6-arch1-1"/>
    <property name="java.runtime.name" value="OpenJDK Runtime Environment"/>
    <property name="file.encoding" value="UTF-8"/>
    <property name="java.vm.name" value="OpenJDK 64-Bit Server VM"/>
    <property name="localRepository" value="/home/bernd/.m2/repository"/>
    <property name="java.vendor.url.bug" value="https://bugreport.java.com/bugreport/"/>
    <property name="java.io.tmpdir" value="/tmp"/>
    <property name="java.version" value="22.0.2"/>
    <property name="user.dir" value="/home/bernd/repos/PetrinetSimulator"/>
    <property name="os.arch" value="amd64"/>
    <property name="java.vm.specification.name" value="Java Virtual Machine Specification"/>
    <property name="native.encoding" value="UTF-8"/>
    <property name="java.library.path" value="/usr/java/packages/lib:/usr/lib64:/lib64:/lib:/usr/lib"/>
    <property name="java.vm.info" value="mixed mode, sharing"/>
    <property name="stderr.encoding" value="UTF-8"/>
    <property name="java.vendor" value="Arch Linux"/>
    <property name="java.vm.version" value="22.0.2+9"/>
    <property name="sun.io.unicode.encoding" value="UnicodeLittle"/>
    <property name="java.class.version" value="66.0"/>
  </properties>
  <testcase name="testApp" classname="net.berndreiss.petrinetsimulator.AppTest" time="0.0"/>
</testsuite>